
!ENTRY org.eclipse.egit.ui 2 0 2015-11-13 21:49:01.321
!MESSAGE Warning: The environment variable HOME is not set. The following directory will be used to store the Git
user global configuration and to define the default location to store repositories: 'C:\Users\若宇'. If this is
not correct please set the HOME environment variable and restart Eclipse. Otherwise Git for Windows and
EGit might behave differently since they see different configuration options.
This warning can be switched off on the Team > Git > Confirmations and Warnings preference page.

!ENTRY org.eclipse.epp.logging.aeri.ui 2 18 2015-11-13 21:50:17.452
!MESSAGE Updating the index from remote failed. Version: 1.0.0.v20150617-0732
!STACK 0
java.lang.NumberFormatException: For input string: "hassasin.gen"
	at java.lang.NumberFormatException.forInputString(Unknown Source)
	at java.lang.Long.parseLong(Unknown Source)
	at org.apache.lucene.index.SegmentInfos.generationFromSegmentsFileName(SegmentInfos.java:226)
	at org.apache.lucene.index.SegmentInfos.getCurrentSegmentGeneration(SegmentInfos.java:161)
	at org.apache.lucene.index.SegmentInfos$FindSegmentsFile.run(SegmentInfos.java:644)
	at org.apache.lucene.index.SegmentInfos$FindSegmentsFile.run(SegmentInfos.java:593)
	at org.apache.lucene.index.SegmentInfos.read(SegmentInfos.java:359)
	at org.apache.lucene.index.IndexReader.indexExists(IndexReader.java:1076)
	at org.apache.lucene.index.IndexWriter.<init>(IndexWriter.java:1119)
	at org.eclipse.epp.internal.logging.aeri.ui.log.ProblemsDatabaseService.replaceContent(ProblemsDatabaseService.java:173)
	at org.eclipse.epp.internal.logging.aeri.ui.log.ProblemsDatabaseUpdateJob.run(ProblemsDatabaseUpdateJob.java:71)
	at org.eclipse.core.internal.jobs.Worker.run(Worker.java:55)
